# JRE version: OpenJDK Runtime Environment (8.0_242-b01) (build 1.8.0_242-release-1644-b01)
# Java VM: OpenJDK 64-Bit Server VM (25.242-b01 mixed mode windows-amd64 compressed oops)
Heap:
 PSYoungGen      total 226304K, used 36831K [0x00000000e0000000, 0x00000000efd00000, 0x0000000100000000)
  eden space 193536K, 2% used [0x00000000e0000000,0x00000000e052ead0,0x00000000ebd00000)
  from space 32768K, 96% used [0x00000000ebd00000,0x00000000edbc9240,0x00000000edd00000)
  to   space 27136K, 0% used [0x00000000ee280000,0x00000000ee280000,0x00000000efd00000)
 ParOldGen       total 141312K, used 39945K [0x00000000a0000000, 0x00000000a8a00000, 0x00000000e0000000)
  object space 141312K, 28% used [0x00000000a0000000,0x00000000a27026a8,0x00000000a8a00000)
 Metaspace       used 91085K, capacity 95978K, committed 96168K, reserved 1132544K
  class space    used 12034K, capacity 12961K, committed 12976K, reserved 1048576K
GC Heap History (10 events):
Event: 69.654 GC heap before
{Heap before GC invocations=14 (full 3):
 PSYoungGen      total 188416K, used 172032K [0x00000000e0000000, 0x00000000ed500000, 0x0000000100000000)
  eden space 172032K, 100% used [0x00000000e0000000,0x00000000ea800000,0x00000000ea800000)
  from space 16384K, 0% used [0x00000000ebd00000,0x00000000ebd00000,0x00000000ecd00000)
  to   space 21504K, 0% used [0x00000000ea800000,0x00000000ea800000,0x00000000ebd00000)
 ParOldGen       total 141312K, used 35370K [0x00000000a0000000, 0x00000000a8a00000, 0x00000000e0000000)
  object space 141312K, 25% used [0x00000000a0000000,0x00000000a228ab00,0x00000000a8a00000)
 Metaspace       used 64185K, capacity 67200K, committed 67368K, reserved 1107968K
  class space    used 8862K, capacity 9476K, committed 9520K, reserved 1048576K
Event: 69.670 GC heap after
Heap after GC invocations=14 (full 3):
 PSYoungGen      total 193536K, used 13861K [0x00000000e0000000, 0x00000000ef880000, 0x0000000100000000)
  eden space 172032K, 0% used [0x00000000e0000000,0x00000000e0000000,0x00000000ea800000)
  from space 21504K, 64% used [0x00000000ea800000,0x00000000eb5894d8,0x00000000ebd00000)
  to   space 21504K, 0% used [0x00000000ee380000,0x00000000ee380000,0x00000000ef880000)
 ParOldGen       total 141312K, used 35378K [0x00000000a0000000, 0x00000000a8a00000, 0x00000000e0000000)
  object space 141312K, 25% used [0x00000000a0000000,0x00000000a228cb00,0x00000000a8a00000)
 Metaspace       used 64185K, capacity 67200K, committed 67368K, reserved 1107968K
  class space    used 8862K, capacity 9476K, committed 9520K, reserved 1048576K
}
Event: 94.285 GC heap before
{Heap before GC invocations=15 (full 3):
 PSYoungGen      total 193536K, used 185893K [0x00000000e0000000, 0x00000000ef880000, 0x0000000100000000)
  eden space 172032K, 100% used [0x00000000e0000000,0x00000000ea800000,0x00000000ea800000)
  from space 21504K, 64% used [0x00000000ea800000,0x00000000eb5894d8,0x00000000ebd00000)
  to   space 21504K, 0% used [0x00000000ee380000,0x00000000ee380000,0x00000000ef880000)
 ParOldGen       total 141312K, used 35378K [0x00000000a0000000, 0x00000000a8a00000, 0x00000000e0000000)
  object space 141312K, 25% used [0x00000000a0000000,0x00000000a228cb00,0x00000000a8a00000)
 Metaspace       used 78994K, capacity 83078K, committed 83368K, reserved 1120256K
  class space    used 10845K, capacity 11613K, committed 11696K, reserved 1048576K
Event: 94.320 GC heap after
Heap after GC invocations=15 (full 3):
 PSYoungGen      total 228352K, used 21477K [0x00000000e0000000, 0x00000000efd80000, 0x0000000100000000)
  eden space 206848K, 0% used [0x00000000e0000000,0x00000000e0000000,0x00000000eca00000)
  from space 21504K, 99% used [0x00000000ee380000,0x00000000ef879738,0x00000000ef880000)
  to   space 26112K, 0% used [0x00000000eca00000,0x00000000eca00000,0x00000000ee380000)
 ParOldGen       total 141312K, used 39905K [0x00000000a0000000, 0x00000000a8a00000, 0x00000000e0000000)
  object space 141312K, 28% used [0x00000000a0000000,0x00000000a26f86a8,0x00000000a8a00000)
 Metaspace       used 78994K, capacity 83078K, committed 83368K, reserved 1120256K
  class space    used 10845K, capacity 11613K, committed 11696K, reserved 1048576K
}
Event: 157.141 GC heap before
{Heap before GC invocations=16 (full 3):
 PSYoungGen      total 228352K, used 228325K [0x00000000e0000000, 0x00000000efd80000, 0x0000000100000000)
  eden space 206848K, 100% used [0x00000000e0000000,0x00000000eca00000,0x00000000eca00000)
  from space 21504K, 99% used [0x00000000ee380000,0x00000000ef879738,0x00000000ef880000)
  to   space 26112K, 0% used [0x00000000eca00000,0x00000000eca00000,0x00000000ee380000)
 ParOldGen       total 141312K, used 39905K [0x00000000a0000000, 0x00000000a8a00000, 0x00000000e0000000)
  object space 141312K, 28% used [0x00000000a0000000,0x00000000a26f86a8,0x00000000a8a00000)
 Metaspace       used 85511K, capacity 90104K, committed 90280K, reserved 1126400K
  class space    used 11490K, capacity 12376K, committed 12464K, reserved 1048576K
Event: 157.180 GC heap after
Heap after GC invocations=16 (full 3):
 PSYoungGen      total 225280K, used 24781K [0x00000000e0000000, 0x00000000efd80000, 0x0000000100000000)
  eden space 200192K, 0% used [0x00000000e0000000,0x00000000e0000000,0x00000000ec380000)
  from space 25088K, 98% used [0x00000000eca00000,0x00000000ee233670,0x00000000ee280000)
  to   space 27648K, 0% used [0x00000000ee280000,0x00000000ee280000,0x00000000efd80000)
 ParOldGen       total 141312K, used 39921K [0x00000000a0000000, 0x00000000a8a00000, 0x00000000e0000000)
  object space 141312K, 28% used [0x00000000a0000000,0x00000000a26fc6a8,0x00000000a8a00000)
 Metaspace       used 85511K, capacity 90104K, committed 90280K, reserved 1126400K
  class space    used 11490K, capacity 12376K, committed 12464K, reserved 1048576K
}
Event: 206.818 GC heap before
{Heap before GC invocations=17 (full 3):
 PSYoungGen      total 225280K, used 224973K [0x00000000e0000000, 0x00000000efd80000, 0x0000000100000000)
  eden space 200192K, 100% used [0x00000000e0000000,0x00000000ec380000,0x00000000ec380000)
  from space 25088K, 98% used [0x00000000eca00000,0x00000000ee233670,0x00000000ee280000)
  to   space 27648K, 0% used [0x00000000ee280000,0x00000000ee280000,0x00000000efd80000)
 ParOldGen       total 141312K, used 39921K [0x00000000a0000000, 0x00000000a8a00000, 0x00000000e0000000)
  object space 141312K, 28% used [0x00000000a0000000,0x00000000a26fc6a8,0x00000000a8a00000)
 Metaspace       used 90262K, capacity 95098K, committed 95400K, reserved 1132544K
  class space    used 11965K, capacity 12881K, committed 12976K, reserved 1048576K
Event: 206.837 GC heap after
Heap after GC invocations=17 (full 3):
 PSYoungGen      total 220672K, used 26174K [0x00000000e0000000, 0x00000000efd00000, 0x0000000100000000)
  eden space 193536K, 0% used [0x00000000e0000000,0x00000000e0000000,0x00000000ebd00000)
  from space 27136K, 96% used [0x00000000ee280000,0x00000000efc0f980,0x00000000efd00000)
  to   space 32768K, 0% used [0x00000000ebd00000,0x00000000ebd00000,0x00000000edd00000)
 ParOldGen       total 141312K, used 39929K [0x00000000a0000000, 0x00000000a8a00000, 0x00000000e0000000)
  object space 141312K, 28% used [0x00000000a0000000,0x00000000a26fe6a8,0x00000000a8a00000)
 Metaspace       used 90262K, capacity 95098K, committed 95400K, reserved 1132544K
  class space    used 11965K, capacity 12881K, committed 12976K, reserved 1048576K
}
Event: 225.224 GC heap before
{Heap before GC invocations=18 (full 3):
 PSYoungGen      total 220672K, used 219710K [0x00000000e0000000, 0x00000000efd00000, 0x0000000100000000)
  eden space 193536K, 100% used [0x00000000e0000000,0x00000000ebd00000,0x00000000ebd00000)
  from space 27136K, 96% used [0x00000000ee280000,0x00000000efc0f980,0x00000000efd00000)
  to   space 32768K, 0% used [0x00000000ebd00000,0x00000000ebd00000,0x00000000edd00000)
 ParOldGen       total 141312K, used 39929K [0x00000000a0000000, 0x00000000a8a00000, 0x00000000e0000000)
  object space 141312K, 28% used [0x00000000a0000000,0x00000000a26fe6a8,0x00000000a8a00000)
 Metaspace       used 91013K, capacity 95850K, committed 95912K, reserved 1132544K
  class space    used 12034K, capacity 12961K, committed 12976K, reserved 1048576K
Event: 225.324 GC heap after
Heap after GC invocations=18 (full 3):
 PSYoungGen      total 226304K, used 31524K [0x00000000e0000000, 0x00000000efd00000, 0x0000000100000000)
  eden space 193536K, 0% used [0x00000000e0000000,0x00000000e0000000,0x00000000ebd00000)
  from space 32768K, 96% used [0x00000000ebd00000,0x00000000edbc9240,0x00000000edd00000)
  to   space 27136K, 0% used [0x00000000ee280000,0x00000000ee280000,0x00000000efd00000)
 ParOldGen       total 141312K, used 39945K [0x00000000a0000000, 0x00000000a8a00000, 0x00000000e0000000)
  object space 141312K, 28% used [0x00000000a0000000,0x00000000a27026a8,0x00000000a8a00000)
 Metaspace       used 91013K, capacity 95850K, committed 95912K, reserved 1132544K
  class space    used 12034K, capacity 12961K, committed 12976K, reserved 1048576K
}

